<?xml version="1.0" encoding="UTF-8"?>
<testsuite xmlns:xsi="http://www.w3.org/2001/XMLSchema-instance" xsi:noNamespaceSchemaLocation="https://maven.apache.org/surefire/maven-surefire-plugin/xsd/surefire-test-report-3.0.xsd" version="3.0" name="org.agoncal.fascicle.quarkus.number.NumberResourceTest" time="4.399" tests="6" errors="0" skipped="0" failures="0">
  <properties>
    <property name="java.specification.version" value="17"/>
    <property name="sun.jnu.encoding" value="UTF-8"/>
    <property name="test.url" value="http://localhost:8081"/>
    <property name="java.class.path" value="/home/dario/Proyecto/libroTerminado/quarkus-inicio/rest-number/target/test-classes:/home/dario/Proyecto/libroTerminado/quarkus-inicio/rest-number/target/classes:/home/dario/.m2/repository/io/quarkus/quarkus-resteasy/3.8.6/quarkus-resteasy-3.8.6.jar:/home/dario/.m2/repository/io/quarkus/quarkus-vertx-http/3.8.6/quarkus-vertx-http-3.8.6.jar:/home/dario/.m2/repository/io/quarkus/quarkus-security-runtime-spi/3.8.6/quarkus-security-runtime-spi-3.8.6.jar:/home/dario/.m2/repository/io/quarkus/quarkus-credentials/3.8.6/quarkus-credentials-3.8.6.jar:/home/dario/.m2/repository/io/smallrye/common/smallrye-common-vertx-context/2.2.0/smallrye-common-vertx-context-2.2.0.jar:/home/dario/.m2/repository/io/vertx/vertx-core/4.5.7/vertx-core-4.5.7.jar:/home/dario/.m2/repository/io/netty/netty-common/4.1.108.Final/netty-common-4.1.108.Final.jar:/home/dario/.m2/repository/io/netty/netty-buffer/4.1.108.Final/netty-buffer-4.1.108.Final.jar:/home/dario/.m2/repository/io/netty/netty-transport/4.1.108.Final/netty-transport-4.1.108.Final.jar:/home/dario/.m2/repository/io/netty/netty-handler/4.1.108.Final/netty-handler-4.1.108.Final.jar:/home/dario/.m2/repository/io/netty/netty-transport-native-unix-common/4.1.108.Final/netty-transport-native-unix-common-4.1.108.Final.jar:/home/dario/.m2/repository/io/netty/netty-handler-proxy/4.1.108.Final/netty-handler-proxy-4.1.108.Final.jar:/home/dario/.m2/repository/io/netty/netty-codec-socks/4.1.108.Final/netty-codec-socks-4.1.108.Final.jar:/home/dario/.m2/repository/io/netty/netty-codec-http/4.1.108.Final/netty-codec-http-4.1.108.Final.jar:/home/dario/.m2/repository/io/netty/netty-codec-http2/4.1.108.Final/netty-codec-http2-4.1.108.Final.jar:/home/dario/.m2/repository/io/netty/netty-resolver/4.1.108.Final/netty-resolver-4.1.108.Final.jar:/home/dario/.m2/repository/io/netty/netty-resolver-dns/4.1.108.Final/netty-resolver-dns-4.1.108.Final.jar:/home/dario/.m2/repository/io/netty/netty-codec-dns/4.1.108.Final/netty-codec-dns-4.1.108.Final.jar:/home/dario/.m2/repository/io/smallrye/common/smallrye-common-constraint/2.2.0/smallrye-common-constraint-2.2.0.jar:/home/dario/.m2/repository/io/quarkus/security/quarkus-security/2.0.3.Final/quarkus-security-2.0.3.Final.jar:/home/dario/.m2/repository/io/quarkus/quarkus-vertx/3.8.6/quarkus-vertx-3.8.6.jar:/home/dario/.m2/repository/io/quarkus/quarkus-netty/3.8.6/quarkus-netty-3.8.6.jar:/home/dario/.m2/repository/io/netty/netty-codec/4.1.108.Final/netty-codec-4.1.108.Final.jar:/home/dario/.m2/repository/com/aayushatharva/brotli4j/brotli4j/1.16.0/brotli4j-1.16.0.jar:/home/dario/.m2/repository/com/aayushatharva/brotli4j/service/1.16.0/service-1.16.0.jar:/home/dario/.m2/repository/com/aayushatharva/brotli4j/native-linux-x86_64/1.16.0/native-linux-x86_64-1.16.0.jar:/home/dario/.m2/repository/io/netty/netty-codec-haproxy/4.1.108.Final/netty-codec-haproxy-4.1.108.Final.jar:/home/dario/.m2/repository/io/smallrye/common/smallrye-common-annotation/2.2.0/smallrye-common-annotation-2.2.0.jar:/home/dario/.m2/repository/io/quarkus/quarkus-virtual-threads/3.8.6/quarkus-virtual-threads-3.8.6.jar:/home/dario/.m2/repository/io/quarkus/quarkus-vertx-latebound-mdc-provider/3.8.6/quarkus-vertx-latebound-mdc-provider-3.8.6.jar:/home/dario/.m2/repository/io/smallrye/reactive/smallrye-mutiny-vertx-core/3.11.0/smallrye-mutiny-vertx-core-3.11.0.jar:/home/dario/.m2/repository/io/smallrye/reactive/smallrye-mutiny-vertx-runtime/3.11.0/smallrye-mutiny-vertx-runtime-3.11.0.jar:/home/dario/.m2/repository/io/smallrye/reactive/vertx-mutiny-generator/3.11.0/vertx-mutiny-generator-3.11.0.jar:/home/dario/.m2/repository/io/vertx/vertx-codegen/4.5.7/vertx-codegen-4.5.7.jar:/home/dario/.m2/repository/io/smallrye/smallrye-fault-tolerance-vertx/6.2.6/smallrye-fault-tolerance-vertx-6.2.6.jar:/home/dario/.m2/repository/io/smallrye/reactive/smallrye-mutiny-vertx-web/3.11.0/smallrye-mutiny-vertx-web-3.11.0.jar:/home/dario/.m2/repository/io/smallrye/reactive/smallrye-mutiny-vertx-web-common/3.11.0/smallrye-mutiny-vertx-web-common-3.11.0.jar:/home/dario/.m2/repository/io/smallrye/reactive/smallrye-mutiny-vertx-auth-common/3.11.0/smallrye-mutiny-vertx-auth-common-3.11.0.jar:/home/dario/.m2/repository/io/smallrye/reactive/smallrye-mutiny-vertx-bridge-common/3.11.0/smallrye-mutiny-vertx-bridge-common-3.11.0.jar:/home/dario/.m2/repository/io/smallrye/reactive/smallrye-mutiny-vertx-uri-template/3.11.0/smallrye-mutiny-vertx-uri-template-3.11.0.jar:/home/dario/.m2/repository/io/vertx/vertx-uri-template/4.5.7/vertx-uri-template-4.5.7.jar:/home/dario/.m2/repository/io/vertx/vertx-web/4.5.7/vertx-web-4.5.7.jar:/home/dario/.m2/repository/io/vertx/vertx-web-common/4.5.7/vertx-web-common-4.5.7.jar:/home/dario/.m2/repository/io/vertx/vertx-auth-common/4.5.7/vertx-auth-common-4.5.7.jar:/home/dario/.m2/repository/io/vertx/vertx-bridge-common/4.5.7/vertx-bridge-common-4.5.7.jar:/home/dario/.m2/repository/io/github/crac/org-crac/0.1.3/org-crac-0.1.3.jar:/home/dario/.m2/repository/io/quarkus/quarkus-resteasy-server-common/3.8.6/quarkus-resteasy-server-common-3.8.6.jar:/home/dario/.m2/repository/org/jboss/resteasy/resteasy-cdi/6.2.7.Final/resteasy-cdi-6.2.7.Final.jar:/home/dario/.m2/repository/org/jboss/resteasy/resteasy-core-spi/6.2.7.Final/resteasy-core-spi-6.2.7.Final.jar:/home/dario/.m2/repository/jakarta/validation/jakarta.validation-api/3.0.2/jakarta.validation-api-3.0.2.jar:/home/dario/.m2/repository/io/quarkus/quarkus-resteasy-jsonb/3.8.6/quarkus-resteasy-jsonb-3.8.6.jar:/home/dario/.m2/repository/io/quarkus/quarkus-jsonb/3.8.6/quarkus-jsonb-3.8.6.jar:/home/dario/.m2/repository/org/eclipse/yasson/3.0.3/yasson-3.0.3.jar:/home/dario/.m2/repository/org/jboss/resteasy/resteasy-json-binding-provider/6.2.7.Final/resteasy-json-binding-provider-6.2.7.Final.jar:/home/dario/.m2/repository/org/eclipse/parsson/parsson/1.1.5/parsson-1.1.5.jar:/home/dario/.m2/repository/jakarta/json/bind/jakarta.json.bind-api/3.0.0/jakarta.json.bind-api-3.0.0.jar:/home/dario/.m2/repository/org/jboss/logging/jboss-logging/3.5.3.Final/jboss-logging-3.5.3.Final.jar:/home/dario/.m2/repository/org/jboss/resteasy/resteasy-json-p-provider/6.2.7.Final/resteasy-json-p-provider-6.2.7.Final.jar:/home/dario/.m2/repository/jakarta/json/jakarta.json-api/2.1.3/jakarta.json-api-2.1.3.jar:/home/dario/.m2/repository/commons-io/commons-io/2.15.1/commons-io-2.15.1.jar:/home/dario/.m2/repository/io/quarkus/quarkus-smallrye-openapi/3.8.6/quarkus-smallrye-openapi-3.8.6.jar:/home/dario/.m2/repository/io/smallrye/smallrye-open-api-core/3.10.0/smallrye-open-api-core-3.10.0.jar:/home/dario/.m2/repository/org/eclipse/microprofile/openapi/microprofile-openapi-api/3.1.1/microprofile-openapi-api-3.1.1.jar:/home/dario/.m2/repository/org/eclipse/microprofile/config/microprofile-config-api/3.1/microprofile-config-api-3.1.jar:/home/dario/.m2/repository/com/fasterxml/jackson/core/jackson-core/2.17.2/jackson-core-2.17.2.jar:/home/dario/.m2/repository/com/fasterxml/jackson/core/jackson-databind/2.17.2/jackson-databind-2.17.2.jar:/home/dario/.m2/repository/com/fasterxml/jackson/core/jackson-annotations/2.17.2/jackson-annotations-2.17.2.jar:/home/dario/.m2/repository/com/fasterxml/jackson/dataformat/jackson-dataformat-yaml/2.17.2/jackson-dataformat-yaml-2.17.2.jar:/home/dario/.m2/repository/org/yaml/snakeyaml/2.2/snakeyaml-2.2.jar:/home/dario/.m2/repository/io/smallrye/jandex/3.1.6/jandex-3.1.6.jar:/home/dario/.m2/repository/io/quarkus/quarkus-core/3.8.6/quarkus-core-3.8.6.jar:/home/dario/.m2/repository/jakarta/inject/jakarta.inject-api/2.0.1/jakarta.inject-api-2.0.1.jar:/home/dario/.m2/repository/io/smallrye/common/smallrye-common-os/2.2.0/smallrye-common-os-2.2.0.jar:/home/dario/.m2/repository/io/quarkus/quarkus-ide-launcher/3.8.6/quarkus-ide-launcher-3.8.6.jar:/home/dario/.m2/repository/io/quarkus/quarkus-development-mode-spi/3.8.6/quarkus-development-mode-spi-3.8.6.jar:/home/dario/.m2/repository/io/smallrye/config/smallrye-config/3.5.4/smallrye-config-3.5.4.jar:/home/dario/.m2/repository/io/smallrye/config/smallrye-config-core/3.5.4/smallrye-config-core-3.5.4.jar:/home/dario/.m2/repository/io/smallrye/common/smallrye-common-classloader/2.2.0/smallrye-common-classloader-2.2.0.jar:/home/dario/.m2/repository/io/smallrye/config/smallrye-config-common/3.5.4/smallrye-config-common-3.5.4.jar:/home/dario/.m2/repository/org/jboss/logmanager/jboss-logmanager/3.0.6.Final/jboss-logmanager-3.0.6.Final.jar:/home/dario/.m2/repository/io/smallrye/common/smallrye-common-cpu/2.2.0/smallrye-common-cpu-2.2.0.jar:/home/dario/.m2/repository/io/smallrye/common/smallrye-common-expression/2.2.0/smallrye-common-expression-2.2.0.jar:/home/dario/.m2/repository/io/smallrye/common/smallrye-common-function/2.2.0/smallrye-common-function-2.2.0.jar:/home/dario/.m2/repository/io/smallrye/common/smallrye-common-net/2.2.0/smallrye-common-net-2.2.0.jar:/home/dario/.m2/repository/io/smallrye/common/smallrye-common-ref/2.2.0/smallrye-common-ref-2.2.0.jar:/home/dario/.m2/repository/org/jboss/logging/jboss-logging-annotations/2.2.1.Final/jboss-logging-annotations-2.2.1.Final.jar:/home/dario/.m2/repository/org/jboss/threads/jboss-threads/3.5.1.Final/jboss-threads-3.5.1.Final.jar:/home/dario/.m2/repository/org/slf4j/slf4j-api/2.0.6/slf4j-api-2.0.6.jar:/home/dario/.m2/repository/org/jboss/slf4j/slf4j-jboss-logmanager/2.0.0.Final/slf4j-jboss-logmanager-2.0.0.Final.jar:/home/dario/.m2/repository/org/wildfly/common/wildfly-common/1.7.0.Final/wildfly-common-1.7.0.Final.jar:/home/dario/.m2/repository/io/quarkus/quarkus-bootstrap-runner/3.8.6/quarkus-bootstrap-runner-3.8.6.jar:/home/dario/.m2/repository/io/quarkus/quarkus-fs-util/0.0.10/quarkus-fs-util-0.0.10.jar:/home/dario/.m2/repository/io/quarkus/quarkus-arc/3.8.6/quarkus-arc-3.8.6.jar:/home/dario/.m2/repository/io/quarkus/arc/arc/3.8.6/arc-3.8.6.jar:/home/dario/.m2/repository/jakarta/transaction/jakarta.transaction-api/2.0.1/jakarta.transaction-api-2.0.1.jar:/home/dario/.m2/repository/org/eclipse/microprofile/context-propagation/microprofile-context-propagation-api/1.3/microprofile-context-propagation-api-1.3.jar:/home/dario/.m2/repository/io/quarkus/quarkus-swagger-ui/3.8.6/quarkus-swagger-ui-3.8.6.jar:/home/dario/.m2/repository/com/github/javafaker/javafaker/1.0.2/javafaker-1.0.2.jar:/home/dario/.m2/repository/org/apache/commons/commons-lang3/3.14.0/commons-lang3-3.14.0.jar:/home/dario/.m2/repository/org/yaml/snakeyaml/1.23/snakeyaml-1.23-android.jar:/home/dario/.m2/repository/com/github/mifmif/generex/1.0.2/generex-1.0.2.jar:/home/dario/.m2/repository/dk/brics/automaton/automaton/1.11-8/automaton-1.11-8.jar:/home/dario/.m2/repository/io/quarkus/quarkus-junit5/3.8.6/quarkus-junit5-3.8.6.jar:/home/dario/.m2/repository/io/quarkus/quarkus-bootstrap-core/3.8.6/quarkus-bootstrap-core-3.8.6.jar:/home/dario/.m2/repository/io/quarkus/quarkus-bootstrap-app-model/3.8.6/quarkus-bootstrap-app-model-3.8.6.jar:/home/dario/.m2/repository/io/smallrye/common/smallrye-common-io/2.2.0/smallrye-common-io-2.2.0.jar:/home/dario/.m2/repository/org/eclipse/sisu/org.eclipse.sisu.inject/0.9.0.M2/org.eclipse.sisu.inject-0.9.0.M2.jar:/home/dario/.m2/repository/io/quarkus/quarkus-test-common/3.8.6/quarkus-test-common-3.8.6.jar:/home/dario/.m2/repository/io/quarkus/quarkus-core-deployment/3.8.6/quarkus-core-deployment-3.8.6.jar:/home/dario/.m2/repository/org/aesh/readline/2.4/readline-2.4.jar:/home/dario/.m2/repository/org/fusesource/jansi/jansi/2.4.0/jansi-2.4.0.jar:/home/dario/.m2/repository/org/aesh/aesh/2.7/aesh-2.7.jar:/home/dario/.m2/repository/io/quarkus/gizmo/gizmo/1.7.0/gizmo-1.7.0.jar:/home/dario/.m2/repository/org/ow2/asm/asm-util/9.6/asm-util-9.6.jar:/home/dario/.m2/repository/org/ow2/asm/asm-analysis/9.6/asm-analysis-9.6.jar:/home/dario/.m2/repository/org/ow2/asm/asm/9.6/asm-9.6.jar:/home/dario/.m2/repository/org/ow2/asm/asm-commons/9.6/asm-commons-9.6.jar:/home/dario/.m2/repository/org/ow2/asm/asm-tree/9.6/asm-tree-9.6.jar:/home/dario/.m2/repository/io/quarkus/quarkus-class-change-agent/3.8.6/quarkus-class-change-agent-3.8.6.jar:/home/dario/.m2/repository/io/quarkus/quarkus-devtools-utilities/3.8.6/quarkus-devtools-utilities-3.8.6.jar:/home/dario/.m2/repository/io/quarkus/quarkus-builder/3.8.6/quarkus-builder-3.8.6.jar:/home/dario/.m2/repository/org/graalvm/sdk/nativeimage/23.1.2/nativeimage-23.1.2.jar:/home/dario/.m2/repository/org/graalvm/sdk/word/23.1.2/word-23.1.2.jar:/home/dario/.m2/repository/org/junit/platform/junit-platform-launcher/1.10.1/junit-platform-launcher-1.10.1.jar:/home/dario/.m2/repository/io/quarkus/quarkus-bootstrap-maven-resolver/3.8.6/quarkus-bootstrap-maven-resolver-3.8.6.jar:/home/dario/.m2/repository/io/smallrye/beanbag/smallrye-beanbag-maven/1.4.0/smallrye-beanbag-maven-1.4.0.jar:/home/dario/.m2/repository/io/smallrye/beanbag/smallrye-beanbag-sisu/1.4.0/smallrye-beanbag-sisu-1.4.0.jar:/home/dario/.m2/repository/io/smallrye/beanbag/smallrye-beanbag/1.4.0/smallrye-beanbag-1.4.0.jar:/home/dario/.m2/repository/javax/inject/javax.inject/1/javax.inject-1.jar:/home/dario/.m2/repository/org/apache/maven/maven-artifact/3.9.6/maven-artifact-3.9.6.jar:/home/dario/.m2/repository/org/apache/maven/maven-builder-support/3.9.6/maven-builder-support-3.9.6.jar:/home/dario/.m2/repository/org/apache/maven/maven-model/3.9.6/maven-model-3.9.6.jar:/home/dario/.m2/repository/org/apache/maven/maven-model-builder/3.9.6/maven-model-builder-3.9.6.jar:/home/dario/.m2/repository/org/apache/maven/maven-repository-metadata/3.9.6/maven-repository-metadata-3.9.6.jar:/home/dario/.m2/repository/org/apache/maven/maven-settings/3.9.6/maven-settings-3.9.6.jar:/home/dario/.m2/repository/org/apache/maven/resolver/maven-resolver-api/1.9.18/maven-resolver-api-1.9.18.jar:/home/dario/.m2/repository/org/apache/maven/resolver/maven-resolver-impl/1.9.18/maven-resolver-impl-1.9.18.jar:/home/dario/.m2/repository/org/apache/maven/resolver/maven-resolver-named-locks/1.9.18/maven-resolver-named-locks-1.9.18.jar:/home/dario/.m2/repository/org/apache/maven/resolver/maven-resolver-spi/1.9.18/maven-resolver-spi-1.9.18.jar:/home/dario/.m2/repository/org/apache/maven/resolver/maven-resolver-util/1.9.18/maven-resolver-util-1.9.18.jar:/home/dario/.m2/repository/org/apache/maven/resolver/maven-resolver-transport-http/1.9.18/maven-resolver-transport-http-1.9.18.jar:/home/dario/.m2/repository/org/apache/maven/wagon/wagon-provider-api/3.5.3/wagon-provider-api-3.5.3.jar:/home/dario/.m2/repository/org/apache/maven/wagon/wagon-http-shared/3.5.3/wagon-http-shared-3.5.3.jar:/home/dario/.m2/repository/org/codehaus/plexus/plexus-interpolation/1.26/plexus-interpolation-1.26.jar:/home/dario/.m2/repository/org/codehaus/plexus/plexus-utils/3.5.1/plexus-utils-3.5.1.jar:/home/dario/.m2/repository/org/codehaus/plexus/plexus-xml/4.0.0/plexus-xml-4.0.0.jar:/home/dario/.m2/repository/org/apache/maven/maven-xml-impl/4.0.0-alpha-5/maven-xml-impl-4.0.0-alpha-5.jar:/home/dario/.m2/repository/org/apache/maven/maven-api-xml/4.0.0-alpha-5/maven-api-xml-4.0.0-alpha-5.jar:/home/dario/.m2/repository/org/apache/maven/maven-api-meta/4.0.0-alpha-5/maven-api-meta-4.0.0-alpha-5.jar:/home/dario/.m2/repository/org/codehaus/plexus/plexus-cipher/2.0/plexus-cipher-2.0.jar:/home/dario/.m2/repository/org/codehaus/plexus/plexus-sec-dispatcher/2.0/plexus-sec-dispatcher-2.0.jar:/home/dario/.m2/repository/org/apache/maven/maven-embedder/3.9.6/maven-embedder-3.9.6.jar:/home/dario/.m2/repository/org/apache/maven/maven-core/3.9.6/maven-core-3.9.6.jar:/home/dario/.m2/repository/org/codehaus/plexus/plexus-component-annotations/2.1.0/plexus-component-annotations-2.1.0.jar:/home/dario/.m2/repository/org/apache/maven/maven-plugin-api/3.9.6/maven-plugin-api-3.9.6.jar:/home/dario/.m2/repository/org/apache/maven/shared/maven-shared-utils/3.3.4/maven-shared-utils-3.3.4.jar:/home/dario/.m2/repository/com/google/inject/guice/5.1.0/guice-5.1.0.jar:/home/dario/.m2/repository/aopalliance/aopalliance/1.0/aopalliance-1.0.jar:/home/dario/.m2/repository/com/google/guava/guava/33.0.0-jre/guava-33.0.0-jre.jar:/home/dario/.m2/repository/com/google/guava/failureaccess/1.0.1/failureaccess-1.0.1.jar:/home/dario/.m2/repository/javax/annotation/javax.annotation-api/1.3.2/javax.annotation-api-1.3.2.jar:/home/dario/.m2/repository/org/codehaus/plexus/plexus-classworlds/2.6.0/plexus-classworlds-2.6.0.jar:/home/dario/.m2/repository/commons-cli/commons-cli/1.4/commons-cli-1.4.jar:/home/dario/.m2/repository/org/eclipse/sisu/org.eclipse.sisu.plexus/0.9.0.M2/org.eclipse.sisu.plexus-0.9.0.M2.jar:/home/dario/.m2/repository/org/apache/maven/maven-settings-builder/3.9.6/maven-settings-builder-3.9.6.jar:/home/dario/.m2/repository/org/apache/maven/maven-resolver-provider/3.9.6/maven-resolver-provider-3.9.6.jar:/home/dario/.m2/repository/org/apache/maven/resolver/maven-resolver-connector-basic/1.9.18/maven-resolver-connector-basic-1.9.18.jar:/home/dario/.m2/repository/org/apache/maven/resolver/maven-resolver-transport-wagon/1.9.18/maven-resolver-transport-wagon-1.9.18.jar:/home/dario/.m2/repository/org/apache/maven/wagon/wagon-http/3.5.3/wagon-http-3.5.3.jar:/home/dario/.m2/repository/org/apache/maven/wagon/wagon-file/3.5.3/wagon-file-3.5.3.jar:/home/dario/.m2/repository/io/quarkus/quarkus-bootstrap-gradle-resolver/3.8.6/quarkus-bootstrap-gradle-resolver-3.8.6.jar:/home/dario/.m2/repository/io/quarkus/quarkus-junit5-properties/3.8.6/quarkus-junit5-properties-3.8.6.jar:/home/dario/.m2/repository/org/junit/jupiter/junit-jupiter/5.10.1/junit-jupiter-5.10.1.jar:/home/dario/.m2/repository/org/junit/jupiter/junit-jupiter-api/5.10.1/junit-jupiter-api-5.10.1.jar:/home/dario/.m2/repository/org/opentest4j/opentest4j/1.3.0/opentest4j-1.3.0.jar:/home/dario/.m2/repository/org/junit/platform/junit-platform-commons/1.10.1/junit-platform-commons-1.10.1.jar:/home/dario/.m2/repository/org/apiguardian/apiguardian-api/1.1.2/apiguardian-api-1.1.2.jar:/home/dario/.m2/repository/org/junit/jupiter/junit-jupiter-params/5.10.1/junit-jupiter-params-5.10.1.jar:/home/dario/.m2/repository/org/junit/jupiter/junit-jupiter-engine/5.10.1/junit-jupiter-engine-5.10.1.jar:/home/dario/.m2/repository/org/junit/platform/junit-platform-engine/1.10.1/junit-platform-engine-1.10.1.jar:/home/dario/.m2/repository/com/thoughtworks/xstream/xstream/1.4.20/xstream-1.4.20.jar:/home/dario/.m2/repository/io/github/x-stream/mxparser/1.2.2/mxparser-1.2.2.jar:/home/dario/.m2/repository/xmlpull/xmlpull/1.1.3.1/xmlpull-1.1.3.1.jar:/home/dario/.m2/repository/io/rest-assured/rest-assured/5.4.0/rest-assured-5.4.0.jar:/home/dario/.m2/repository/org/apache/groovy/groovy/4.0.18/groovy-4.0.18.jar:/home/dario/.m2/repository/org/apache/groovy/groovy-xml/4.0.16/groovy-xml-4.0.16.jar:/home/dario/.m2/repository/org/apache/httpcomponents/httpclient/4.5.14/httpclient-4.5.14.jar:/home/dario/.m2/repository/org/apache/httpcomponents/httpcore/4.4.16/httpcore-4.4.16.jar:/home/dario/.m2/repository/commons-codec/commons-codec/1.16.1/commons-codec-1.16.1.jar:/home/dario/.m2/repository/org/apache/httpcomponents/httpmime/4.5.14/httpmime-4.5.14.jar:/home/dario/.m2/repository/org/hamcrest/hamcrest/2.2/hamcrest-2.2.jar:/home/dario/.m2/repository/org/ccil/cowan/tagsoup/tagsoup/1.2.1/tagsoup-1.2.1.jar:/home/dario/.m2/repository/io/rest-assured/json-path/5.4.0/json-path-5.4.0.jar:/home/dario/.m2/repository/org/apache/groovy/groovy-json/4.0.16/groovy-json-4.0.16.jar:/home/dario/.m2/repository/io/rest-assured/rest-assured-common/5.4.0/rest-assured-common-5.4.0.jar:/home/dario/.m2/repository/io/rest-assured/xml-path/5.4.0/xml-path-5.4.0.jar:/home/dario/.m2/repository/io/quarkus/quarkus-resteasy-client/3.8.6/quarkus-resteasy-client-3.8.6.jar:/home/dario/.m2/repository/io/quarkus/quarkus-resteasy-common/3.8.6/quarkus-resteasy-common-3.8.6.jar:/home/dario/.m2/repository/org/jboss/resteasy/resteasy-core/6.2.7.Final/resteasy-core-6.2.7.Final.jar:/home/dario/.m2/repository/jakarta/xml/bind/jakarta.xml.bind-api/4.0.1/jakarta.xml.bind-api-4.0.1.jar:/home/dario/.m2/repository/org/reactivestreams/reactive-streams/1.0.4/reactive-streams-1.0.4.jar:/home/dario/.m2/repository/com/ibm/async/asyncutil/0.1.0/asyncutil-0.1.0.jar:/home/dario/.m2/repository/org/eclipse/angus/angus-activation/2.0.1/angus-activation-2.0.1.jar:/home/dario/.m2/repository/jakarta/activation/jakarta.activation-api/2.1.2/jakarta.activation-api-2.1.2.jar:/home/dario/.m2/repository/org/jboss/resteasy/microprofile/microprofile-config/2.1.5.Final/microprofile-config-2.1.5.Final.jar:/home/dario/.m2/repository/jakarta/servlet/jakarta.servlet-api/6.0.0/jakarta.servlet-api-6.0.0.jar:/home/dario/.m2/repository/io/quarkus/quarkus-apache-httpclient/3.8.6/quarkus-apache-httpclient-3.8.6.jar:/home/dario/.m2/repository/io/quarkus/quarkus-rest-client-config/3.8.6/quarkus-rest-client-config-3.8.6.jar:/home/dario/.m2/repository/org/eclipse/microprofile/rest/client/microprofile-rest-client-api/3.0.1/microprofile-rest-client-api-3.0.1.jar:/home/dario/.m2/repository/org/jboss/resteasy/microprofile/microprofile-rest-client/2.1.5.Final/microprofile-rest-client-2.1.5.Final.jar:/home/dario/.m2/repository/org/jboss/resteasy/microprofile/microprofile-rest-client-base/2.1.5.Final/microprofile-rest-client-base-2.1.5.Final.jar:/home/dario/.m2/repository/org/jboss/resteasy/resteasy-client/6.2.7.Final/resteasy-client-6.2.7.Final.jar:/home/dario/.m2/repository/org/jboss/resteasy/resteasy-client-api/6.2.7.Final/resteasy-client-api-6.2.7.Final.jar:/home/dario/.m2/repository/jakarta/interceptor/jakarta.interceptor-api/2.1.0/jakarta.interceptor-api-2.1.0.jar:/home/dario/.m2/repository/jakarta/ws/rs/jakarta.ws.rs-api/3.1.0/jakarta.ws.rs-api-3.1.0.jar:/home/dario/.m2/repository/org/apache/httpcomponents/httpasyncclient/4.1.5/httpasyncclient-4.1.5.jar:/home/dario/.m2/repository/org/apache/httpcomponents/httpcore-nio/4.4.16/httpcore-nio-4.4.16.jar:/home/dario/.m2/repository/org/jboss/logging/commons-logging-jboss-logging/1.0.0.Final/commons-logging-jboss-logging-1.0.0.Final.jar:/home/dario/.m2/repository/io/quarkus/quarkus-smallrye-fault-tolerance/3.8.6/quarkus-smallrye-fault-tolerance-3.8.6.jar:/home/dario/.m2/repository/io/quarkus/quarkus-mutiny/3.8.6/quarkus-mutiny-3.8.6.jar:/home/dario/.m2/repository/io/smallrye/reactive/mutiny/2.5.8/mutiny-2.5.8.jar:/home/dario/.m2/repository/io/smallrye/reactive/mutiny-smallrye-context-propagation/2.5.8/mutiny-smallrye-context-propagation-2.5.8.jar:/home/dario/.m2/repository/io/smallrye/smallrye-fault-tolerance/6.2.6/smallrye-fault-tolerance-6.2.6.jar:/home/dario/.m2/repository/org/eclipse/microprofile/fault-tolerance/microprofile-fault-tolerance-api/4.0.2/microprofile-fault-tolerance-api-4.0.2.jar:/home/dario/.m2/repository/io/smallrye/smallrye-fault-tolerance-api/6.2.6/smallrye-fault-tolerance-api-6.2.6.jar:/home/dario/.m2/repository/io/smallrye/smallrye-fault-tolerance-core/6.2.6/smallrye-fault-tolerance-core-6.2.6.jar:/home/dario/.m2/repository/io/smallrye/smallrye-fault-tolerance-autoconfig-core/6.2.6/smallrye-fault-tolerance-autoconfig-core-6.2.6.jar:/home/dario/.m2/repository/jakarta/enterprise/jakarta.enterprise.cdi-api/4.0.1/jakarta.enterprise.cdi-api-4.0.1.jar:/home/dario/.m2/repository/jakarta/enterprise/jakarta.enterprise.lang-model/4.0.1/jakarta.enterprise.lang-model-4.0.1.jar:/home/dario/.m2/repository/jakarta/el/jakarta.el-api/5.0.1/jakarta.el-api-5.0.1.jar:/home/dario/.m2/repository/jakarta/annotation/jakarta.annotation-api/2.1.1/jakarta.annotation-api-2.1.1.jar:/home/dario/.m2/repository/io/quarkus/quarkus-smallrye-context-propagation/3.8.6/quarkus-smallrye-context-propagation-3.8.6.jar:/home/dario/.m2/repository/io/smallrye/smallrye-context-propagation/2.1.2/smallrye-context-propagation-2.1.2.jar:/home/dario/.m2/repository/io/smallrye/smallrye-context-propagation-api/2.1.2/smallrye-context-propagation-api-2.1.2.jar:/home/dario/.m2/repository/io/smallrye/smallrye-context-propagation-storage/2.1.2/smallrye-context-propagation-storage-2.1.2.jar:/home/dario/.m2/repository/io/smallrye/smallrye-fault-tolerance-context-propagation/6.2.6/smallrye-fault-tolerance-context-propagation-6.2.6.jar:/home/dario/.m2/repository/io/smallrye/smallrye-fault-tolerance-mutiny/6.2.6/smallrye-fault-tolerance-mutiny-6.2.6.jar:/home/dario/.m2/repository/io/quarkus/quarkus-smallrye-health/3.8.6/quarkus-smallrye-health-3.8.6.jar:/home/dario/.m2/repository/io/smallrye/smallrye-health/4.1.0/smallrye-health-4.1.0.jar:/home/dario/.m2/repository/org/eclipse/microprofile/health/microprofile-health-api/4.0.1/microprofile-health-api-4.0.1.jar:/home/dario/.m2/repository/io/smallrye/smallrye-health-api/4.1.0/smallrye-health-api-4.1.0.jar:/home/dario/.m2/repository/io/smallrye/smallrye-health-provided-checks/4.1.0/smallrye-health-provided-checks-4.1.0.jar:/home/dario/.m2/repository/io/quarkus/quarkus-jsonp/3.8.6/quarkus-jsonp-3.8.6.jar:/home/dario/.m2/repository/io/quarkus/quarkus-smallrye-metrics/3.8.6/quarkus-smallrye-metrics-3.8.6.jar:/home/dario/.m2/repository/io/smallrye/smallrye-metrics/4.0.0/smallrye-metrics-4.0.0.jar:/home/dario/.m2/repository/org/eclipse/microprofile/metrics/microprofile-metrics-api/4.0.1/microprofile-metrics-api-4.0.1.jar:/home/dario/.m2/repository/io/quarkus/quarkus-container-image-docker/3.8.6/quarkus-container-image-docker-3.8.6.jar:/home/dario/.m2/repository/io/quarkus/quarkus-container-image/3.8.6/quarkus-container-image-3.8.6.jar:"/>
    <property name="java.vm.vendor" value="GraalVM Community"/>
    <property name="sun.arch.data.model" value="64"/>
    <property name="java.vendor.url" value="https://www.graalvm.org/"/>
    <property name="user.timezone" value="America/Argentina/Ushuaia"/>
    <property name="logging.initial-configurator.min-level" value="500"/>
    <property name="os.name" value="Linux"/>
    <property name="java.vm.specification.version" value="17"/>
    <property name="sun.java.launcher" value="SUN_STANDARD"/>
    <property name="user.country" value="AR"/>
    <property name="groovy.use.classvalue" value="false"/>
    <property name="mp.openapi.extensions.smallrye.defaultProduces" value="application/json"/>
    <property name="sun.boot.library.path" value="/home/dario/.sdkman/candidates/java/17.0.9-graalce/lib"/>
    <property name="sun.java.command" value="/home/dario/Proyecto/libroTerminado/quarkus-inicio/rest-number/target/surefire/surefirebooter4033155555375482092.jar /home/dario/Proyecto/libroTerminado/quarkus-inicio/rest-number/target/surefire 2024-09-20T13-40-51_755-jvmRun1 surefire14348732692844657651tmp surefire_013719093924973794150tmp"/>
    <property name="jdk.debug" value="release"/>
    <property name="surefire.test.class.path" value="/home/dario/Proyecto/libroTerminado/quarkus-inicio/rest-number/target/test-classes:/home/dario/Proyecto/libroTerminado/quarkus-inicio/rest-number/target/classes:/home/dario/.m2/repository/io/quarkus/quarkus-resteasy/3.8.6/quarkus-resteasy-3.8.6.jar:/home/dario/.m2/repository/io/quarkus/quarkus-vertx-http/3.8.6/quarkus-vertx-http-3.8.6.jar:/home/dario/.m2/repository/io/quarkus/quarkus-security-runtime-spi/3.8.6/quarkus-security-runtime-spi-3.8.6.jar:/home/dario/.m2/repository/io/quarkus/quarkus-credentials/3.8.6/quarkus-credentials-3.8.6.jar:/home/dario/.m2/repository/io/smallrye/common/smallrye-common-vertx-context/2.2.0/smallrye-common-vertx-context-2.2.0.jar:/home/dario/.m2/repository/io/vertx/vertx-core/4.5.7/vertx-core-4.5.7.jar:/home/dario/.m2/repository/io/netty/netty-common/4.1.108.Final/netty-common-4.1.108.Final.jar:/home/dario/.m2/repository/io/netty/netty-buffer/4.1.108.Final/netty-buffer-4.1.108.Final.jar:/home/dario/.m2/repository/io/netty/netty-transport/4.1.108.Final/netty-transport-4.1.108.Final.jar:/home/dario/.m2/repository/io/netty/netty-handler/4.1.108.Final/netty-handler-4.1.108.Final.jar:/home/dario/.m2/repository/io/netty/netty-transport-native-unix-common/4.1.108.Final/netty-transport-native-unix-common-4.1.108.Final.jar:/home/dario/.m2/repository/io/netty/netty-handler-proxy/4.1.108.Final/netty-handler-proxy-4.1.108.Final.jar:/home/dario/.m2/repository/io/netty/netty-codec-socks/4.1.108.Final/netty-codec-socks-4.1.108.Final.jar:/home/dario/.m2/repository/io/netty/netty-codec-http/4.1.108.Final/netty-codec-http-4.1.108.Final.jar:/home/dario/.m2/repository/io/netty/netty-codec-http2/4.1.108.Final/netty-codec-http2-4.1.108.Final.jar:/home/dario/.m2/repository/io/netty/netty-resolver/4.1.108.Final/netty-resolver-4.1.108.Final.jar:/home/dario/.m2/repository/io/netty/netty-resolver-dns/4.1.108.Final/netty-resolver-dns-4.1.108.Final.jar:/home/dario/.m2/repository/io/netty/netty-codec-dns/4.1.108.Final/netty-codec-dns-4.1.108.Final.jar:/home/dario/.m2/repository/io/smallrye/common/smallrye-common-constraint/2.2.0/smallrye-common-constraint-2.2.0.jar:/home/dario/.m2/repository/io/quarkus/security/quarkus-security/2.0.3.Final/quarkus-security-2.0.3.Final.jar:/home/dario/.m2/repository/io/quarkus/quarkus-vertx/3.8.6/quarkus-vertx-3.8.6.jar:/home/dario/.m2/repository/io/quarkus/quarkus-netty/3.8.6/quarkus-netty-3.8.6.jar:/home/dario/.m2/repository/io/netty/netty-codec/4.1.108.Final/netty-codec-4.1.108.Final.jar:/home/dario/.m2/repository/com/aayushatharva/brotli4j/brotli4j/1.16.0/brotli4j-1.16.0.jar:/home/dario/.m2/repository/com/aayushatharva/brotli4j/service/1.16.0/service-1.16.0.jar:/home/dario/.m2/repository/com/aayushatharva/brotli4j/native-linux-x86_64/1.16.0/native-linux-x86_64-1.16.0.jar:/home/dario/.m2/repository/io/netty/netty-codec-haproxy/4.1.108.Final/netty-codec-haproxy-4.1.108.Final.jar:/home/dario/.m2/repository/io/smallrye/common/smallrye-common-annotation/2.2.0/smallrye-common-annotation-2.2.0.jar:/home/dario/.m2/repository/io/quarkus/quarkus-virtual-threads/3.8.6/quarkus-virtual-threads-3.8.6.jar:/home/dario/.m2/repository/io/quarkus/quarkus-vertx-latebound-mdc-provider/3.8.6/quarkus-vertx-latebound-mdc-provider-3.8.6.jar:/home/dario/.m2/repository/io/smallrye/reactive/smallrye-mutiny-vertx-core/3.11.0/smallrye-mutiny-vertx-core-3.11.0.jar:/home/dario/.m2/repository/io/smallrye/reactive/smallrye-mutiny-vertx-runtime/3.11.0/smallrye-mutiny-vertx-runtime-3.11.0.jar:/home/dario/.m2/repository/io/smallrye/reactive/vertx-mutiny-generator/3.11.0/vertx-mutiny-generator-3.11.0.jar:/home/dario/.m2/repository/io/vertx/vertx-codegen/4.5.7/vertx-codegen-4.5.7.jar:/home/dario/.m2/repository/io/smallrye/smallrye-fault-tolerance-vertx/6.2.6/smallrye-fault-tolerance-vertx-6.2.6.jar:/home/dario/.m2/repository/io/smallrye/reactive/smallrye-mutiny-vertx-web/3.11.0/smallrye-mutiny-vertx-web-3.11.0.jar:/home/dario/.m2/repository/io/smallrye/reactive/smallrye-mutiny-vertx-web-common/3.11.0/smallrye-mutiny-vertx-web-common-3.11.0.jar:/home/dario/.m2/repository/io/smallrye/reactive/smallrye-mutiny-vertx-auth-common/3.11.0/smallrye-mutiny-vertx-auth-common-3.11.0.jar:/home/dario/.m2/repository/io/smallrye/reactive/smallrye-mutiny-vertx-bridge-common/3.11.0/smallrye-mutiny-vertx-bridge-common-3.11.0.jar:/home/dario/.m2/repository/io/smallrye/reactive/smallrye-mutiny-vertx-uri-template/3.11.0/smallrye-mutiny-vertx-uri-template-3.11.0.jar:/home/dario/.m2/repository/io/vertx/vertx-uri-template/4.5.7/vertx-uri-template-4.5.7.jar:/home/dario/.m2/repository/io/vertx/vertx-web/4.5.7/vertx-web-4.5.7.jar:/home/dario/.m2/repository/io/vertx/vertx-web-common/4.5.7/vertx-web-common-4.5.7.jar:/home/dario/.m2/repository/io/vertx/vertx-auth-common/4.5.7/vertx-auth-common-4.5.7.jar:/home/dario/.m2/repository/io/vertx/vertx-bridge-common/4.5.7/vertx-bridge-common-4.5.7.jar:/home/dario/.m2/repository/io/github/crac/org-crac/0.1.3/org-crac-0.1.3.jar:/home/dario/.m2/repository/io/quarkus/quarkus-resteasy-server-common/3.8.6/quarkus-resteasy-server-common-3.8.6.jar:/home/dario/.m2/repository/org/jboss/resteasy/resteasy-cdi/6.2.7.Final/resteasy-cdi-6.2.7.Final.jar:/home/dario/.m2/repository/org/jboss/resteasy/resteasy-core-spi/6.2.7.Final/resteasy-core-spi-6.2.7.Final.jar:/home/dario/.m2/repository/jakarta/validation/jakarta.validation-api/3.0.2/jakarta.validation-api-3.0.2.jar:/home/dario/.m2/repository/io/quarkus/quarkus-resteasy-jsonb/3.8.6/quarkus-resteasy-jsonb-3.8.6.jar:/home/dario/.m2/repository/io/quarkus/quarkus-jsonb/3.8.6/quarkus-jsonb-3.8.6.jar:/home/dario/.m2/repository/org/eclipse/yasson/3.0.3/yasson-3.0.3.jar:/home/dario/.m2/repository/org/jboss/resteasy/resteasy-json-binding-provider/6.2.7.Final/resteasy-json-binding-provider-6.2.7.Final.jar:/home/dario/.m2/repository/org/eclipse/parsson/parsson/1.1.5/parsson-1.1.5.jar:/home/dario/.m2/repository/jakarta/json/bind/jakarta.json.bind-api/3.0.0/jakarta.json.bind-api-3.0.0.jar:/home/dario/.m2/repository/org/jboss/logging/jboss-logging/3.5.3.Final/jboss-logging-3.5.3.Final.jar:/home/dario/.m2/repository/org/jboss/resteasy/resteasy-json-p-provider/6.2.7.Final/resteasy-json-p-provider-6.2.7.Final.jar:/home/dario/.m2/repository/jakarta/json/jakarta.json-api/2.1.3/jakarta.json-api-2.1.3.jar:/home/dario/.m2/repository/commons-io/commons-io/2.15.1/commons-io-2.15.1.jar:/home/dario/.m2/repository/io/quarkus/quarkus-smallrye-openapi/3.8.6/quarkus-smallrye-openapi-3.8.6.jar:/home/dario/.m2/repository/io/smallrye/smallrye-open-api-core/3.10.0/smallrye-open-api-core-3.10.0.jar:/home/dario/.m2/repository/org/eclipse/microprofile/openapi/microprofile-openapi-api/3.1.1/microprofile-openapi-api-3.1.1.jar:/home/dario/.m2/repository/org/eclipse/microprofile/config/microprofile-config-api/3.1/microprofile-config-api-3.1.jar:/home/dario/.m2/repository/com/fasterxml/jackson/core/jackson-core/2.17.2/jackson-core-2.17.2.jar:/home/dario/.m2/repository/com/fasterxml/jackson/core/jackson-databind/2.17.2/jackson-databind-2.17.2.jar:/home/dario/.m2/repository/com/fasterxml/jackson/core/jackson-annotations/2.17.2/jackson-annotations-2.17.2.jar:/home/dario/.m2/repository/com/fasterxml/jackson/dataformat/jackson-dataformat-yaml/2.17.2/jackson-dataformat-yaml-2.17.2.jar:/home/dario/.m2/repository/org/yaml/snakeyaml/2.2/snakeyaml-2.2.jar:/home/dario/.m2/repository/io/smallrye/jandex/3.1.6/jandex-3.1.6.jar:/home/dario/.m2/repository/io/quarkus/quarkus-core/3.8.6/quarkus-core-3.8.6.jar:/home/dario/.m2/repository/jakarta/inject/jakarta.inject-api/2.0.1/jakarta.inject-api-2.0.1.jar:/home/dario/.m2/repository/io/smallrye/common/smallrye-common-os/2.2.0/smallrye-common-os-2.2.0.jar:/home/dario/.m2/repository/io/quarkus/quarkus-ide-launcher/3.8.6/quarkus-ide-launcher-3.8.6.jar:/home/dario/.m2/repository/io/quarkus/quarkus-development-mode-spi/3.8.6/quarkus-development-mode-spi-3.8.6.jar:/home/dario/.m2/repository/io/smallrye/config/smallrye-config/3.5.4/smallrye-config-3.5.4.jar:/home/dario/.m2/repository/io/smallrye/config/smallrye-config-core/3.5.4/smallrye-config-core-3.5.4.jar:/home/dario/.m2/repository/io/smallrye/common/smallrye-common-classloader/2.2.0/smallrye-common-classloader-2.2.0.jar:/home/dario/.m2/repository/io/smallrye/config/smallrye-config-common/3.5.4/smallrye-config-common-3.5.4.jar:/home/dario/.m2/repository/org/jboss/logmanager/jboss-logmanager/3.0.6.Final/jboss-logmanager-3.0.6.Final.jar:/home/dario/.m2/repository/io/smallrye/common/smallrye-common-cpu/2.2.0/smallrye-common-cpu-2.2.0.jar:/home/dario/.m2/repository/io/smallrye/common/smallrye-common-expression/2.2.0/smallrye-common-expression-2.2.0.jar:/home/dario/.m2/repository/io/smallrye/common/smallrye-common-function/2.2.0/smallrye-common-function-2.2.0.jar:/home/dario/.m2/repository/io/smallrye/common/smallrye-common-net/2.2.0/smallrye-common-net-2.2.0.jar:/home/dario/.m2/repository/io/smallrye/common/smallrye-common-ref/2.2.0/smallrye-common-ref-2.2.0.jar:/home/dario/.m2/repository/org/jboss/logging/jboss-logging-annotations/2.2.1.Final/jboss-logging-annotations-2.2.1.Final.jar:/home/dario/.m2/repository/org/jboss/threads/jboss-threads/3.5.1.Final/jboss-threads-3.5.1.Final.jar:/home/dario/.m2/repository/org/slf4j/slf4j-api/2.0.6/slf4j-api-2.0.6.jar:/home/dario/.m2/repository/org/jboss/slf4j/slf4j-jboss-logmanager/2.0.0.Final/slf4j-jboss-logmanager-2.0.0.Final.jar:/home/dario/.m2/repository/org/wildfly/common/wildfly-common/1.7.0.Final/wildfly-common-1.7.0.Final.jar:/home/dario/.m2/repository/io/quarkus/quarkus-bootstrap-runner/3.8.6/quarkus-bootstrap-runner-3.8.6.jar:/home/dario/.m2/repository/io/quarkus/quarkus-fs-util/0.0.10/quarkus-fs-util-0.0.10.jar:/home/dario/.m2/repository/io/quarkus/quarkus-arc/3.8.6/quarkus-arc-3.8.6.jar:/home/dario/.m2/repository/io/quarkus/arc/arc/3.8.6/arc-3.8.6.jar:/home/dario/.m2/repository/jakarta/transaction/jakarta.transaction-api/2.0.1/jakarta.transaction-api-2.0.1.jar:/home/dario/.m2/repository/org/eclipse/microprofile/context-propagation/microprofile-context-propagation-api/1.3/microprofile-context-propagation-api-1.3.jar:/home/dario/.m2/repository/io/quarkus/quarkus-swagger-ui/3.8.6/quarkus-swagger-ui-3.8.6.jar:/home/dario/.m2/repository/com/github/javafaker/javafaker/1.0.2/javafaker-1.0.2.jar:/home/dario/.m2/repository/org/apache/commons/commons-lang3/3.14.0/commons-lang3-3.14.0.jar:/home/dario/.m2/repository/org/yaml/snakeyaml/1.23/snakeyaml-1.23-android.jar:/home/dario/.m2/repository/com/github/mifmif/generex/1.0.2/generex-1.0.2.jar:/home/dario/.m2/repository/dk/brics/automaton/automaton/1.11-8/automaton-1.11-8.jar:/home/dario/.m2/repository/io/quarkus/quarkus-junit5/3.8.6/quarkus-junit5-3.8.6.jar:/home/dario/.m2/repository/io/quarkus/quarkus-bootstrap-core/3.8.6/quarkus-bootstrap-core-3.8.6.jar:/home/dario/.m2/repository/io/quarkus/quarkus-bootstrap-app-model/3.8.6/quarkus-bootstrap-app-model-3.8.6.jar:/home/dario/.m2/repository/io/smallrye/common/smallrye-common-io/2.2.0/smallrye-common-io-2.2.0.jar:/home/dario/.m2/repository/org/eclipse/sisu/org.eclipse.sisu.inject/0.9.0.M2/org.eclipse.sisu.inject-0.9.0.M2.jar:/home/dario/.m2/repository/io/quarkus/quarkus-test-common/3.8.6/quarkus-test-common-3.8.6.jar:/home/dario/.m2/repository/io/quarkus/quarkus-core-deployment/3.8.6/quarkus-core-deployment-3.8.6.jar:/home/dario/.m2/repository/org/aesh/readline/2.4/readline-2.4.jar:/home/dario/.m2/repository/org/fusesource/jansi/jansi/2.4.0/jansi-2.4.0.jar:/home/dario/.m2/repository/org/aesh/aesh/2.7/aesh-2.7.jar:/home/dario/.m2/repository/io/quarkus/gizmo/gizmo/1.7.0/gizmo-1.7.0.jar:/home/dario/.m2/repository/org/ow2/asm/asm-util/9.6/asm-util-9.6.jar:/home/dario/.m2/repository/org/ow2/asm/asm-analysis/9.6/asm-analysis-9.6.jar:/home/dario/.m2/repository/org/ow2/asm/asm/9.6/asm-9.6.jar:/home/dario/.m2/repository/org/ow2/asm/asm-commons/9.6/asm-commons-9.6.jar:/home/dario/.m2/repository/org/ow2/asm/asm-tree/9.6/asm-tree-9.6.jar:/home/dario/.m2/repository/io/quarkus/quarkus-class-change-agent/3.8.6/quarkus-class-change-agent-3.8.6.jar:/home/dario/.m2/repository/io/quarkus/quarkus-devtools-utilities/3.8.6/quarkus-devtools-utilities-3.8.6.jar:/home/dario/.m2/repository/io/quarkus/quarkus-builder/3.8.6/quarkus-builder-3.8.6.jar:/home/dario/.m2/repository/org/graalvm/sdk/nativeimage/23.1.2/nativeimage-23.1.2.jar:/home/dario/.m2/repository/org/graalvm/sdk/word/23.1.2/word-23.1.2.jar:/home/dario/.m2/repository/org/junit/platform/junit-platform-launcher/1.10.1/junit-platform-launcher-1.10.1.jar:/home/dario/.m2/repository/io/quarkus/quarkus-bootstrap-maven-resolver/3.8.6/quarkus-bootstrap-maven-resolver-3.8.6.jar:/home/dario/.m2/repository/io/smallrye/beanbag/smallrye-beanbag-maven/1.4.0/smallrye-beanbag-maven-1.4.0.jar:/home/dario/.m2/repository/io/smallrye/beanbag/smallrye-beanbag-sisu/1.4.0/smallrye-beanbag-sisu-1.4.0.jar:/home/dario/.m2/repository/io/smallrye/beanbag/smallrye-beanbag/1.4.0/smallrye-beanbag-1.4.0.jar:/home/dario/.m2/repository/javax/inject/javax.inject/1/javax.inject-1.jar:/home/dario/.m2/repository/org/apache/maven/maven-artifact/3.9.6/maven-artifact-3.9.6.jar:/home/dario/.m2/repository/org/apache/maven/maven-builder-support/3.9.6/maven-builder-support-3.9.6.jar:/home/dario/.m2/repository/org/apache/maven/maven-model/3.9.6/maven-model-3.9.6.jar:/home/dario/.m2/repository/org/apache/maven/maven-model-builder/3.9.6/maven-model-builder-3.9.6.jar:/home/dario/.m2/repository/org/apache/maven/maven-repository-metadata/3.9.6/maven-repository-metadata-3.9.6.jar:/home/dario/.m2/repository/org/apache/maven/maven-settings/3.9.6/maven-settings-3.9.6.jar:/home/dario/.m2/repository/org/apache/maven/resolver/maven-resolver-api/1.9.18/maven-resolver-api-1.9.18.jar:/home/dario/.m2/repository/org/apache/maven/resolver/maven-resolver-impl/1.9.18/maven-resolver-impl-1.9.18.jar:/home/dario/.m2/repository/org/apache/maven/resolver/maven-resolver-named-locks/1.9.18/maven-resolver-named-locks-1.9.18.jar:/home/dario/.m2/repository/org/apache/maven/resolver/maven-resolver-spi/1.9.18/maven-resolver-spi-1.9.18.jar:/home/dario/.m2/repository/org/apache/maven/resolver/maven-resolver-util/1.9.18/maven-resolver-util-1.9.18.jar:/home/dario/.m2/repository/org/apache/maven/resolver/maven-resolver-transport-http/1.9.18/maven-resolver-transport-http-1.9.18.jar:/home/dario/.m2/repository/org/apache/maven/wagon/wagon-provider-api/3.5.3/wagon-provider-api-3.5.3.jar:/home/dario/.m2/repository/org/apache/maven/wagon/wagon-http-shared/3.5.3/wagon-http-shared-3.5.3.jar:/home/dario/.m2/repository/org/codehaus/plexus/plexus-interpolation/1.26/plexus-interpolation-1.26.jar:/home/dario/.m2/repository/org/codehaus/plexus/plexus-utils/3.5.1/plexus-utils-3.5.1.jar:/home/dario/.m2/repository/org/codehaus/plexus/plexus-xml/4.0.0/plexus-xml-4.0.0.jar:/home/dario/.m2/repository/org/apache/maven/maven-xml-impl/4.0.0-alpha-5/maven-xml-impl-4.0.0-alpha-5.jar:/home/dario/.m2/repository/org/apache/maven/maven-api-xml/4.0.0-alpha-5/maven-api-xml-4.0.0-alpha-5.jar:/home/dario/.m2/repository/org/apache/maven/maven-api-meta/4.0.0-alpha-5/maven-api-meta-4.0.0-alpha-5.jar:/home/dario/.m2/repository/org/codehaus/plexus/plexus-cipher/2.0/plexus-cipher-2.0.jar:/home/dario/.m2/repository/org/codehaus/plexus/plexus-sec-dispatcher/2.0/plexus-sec-dispatcher-2.0.jar:/home/dario/.m2/repository/org/apache/maven/maven-embedder/3.9.6/maven-embedder-3.9.6.jar:/home/dario/.m2/repository/org/apache/maven/maven-core/3.9.6/maven-core-3.9.6.jar:/home/dario/.m2/repository/org/codehaus/plexus/plexus-component-annotations/2.1.0/plexus-component-annotations-2.1.0.jar:/home/dario/.m2/repository/org/apache/maven/maven-plugin-api/3.9.6/maven-plugin-api-3.9.6.jar:/home/dario/.m2/repository/org/apache/maven/shared/maven-shared-utils/3.3.4/maven-shared-utils-3.3.4.jar:/home/dario/.m2/repository/com/google/inject/guice/5.1.0/guice-5.1.0.jar:/home/dario/.m2/repository/aopalliance/aopalliance/1.0/aopalliance-1.0.jar:/home/dario/.m2/repository/com/google/guava/guava/33.0.0-jre/guava-33.0.0-jre.jar:/home/dario/.m2/repository/com/google/guava/failureaccess/1.0.1/failureaccess-1.0.1.jar:/home/dario/.m2/repository/javax/annotation/javax.annotation-api/1.3.2/javax.annotation-api-1.3.2.jar:/home/dario/.m2/repository/org/codehaus/plexus/plexus-classworlds/2.6.0/plexus-classworlds-2.6.0.jar:/home/dario/.m2/repository/commons-cli/commons-cli/1.4/commons-cli-1.4.jar:/home/dario/.m2/repository/org/eclipse/sisu/org.eclipse.sisu.plexus/0.9.0.M2/org.eclipse.sisu.plexus-0.9.0.M2.jar:/home/dario/.m2/repository/org/apache/maven/maven-settings-builder/3.9.6/maven-settings-builder-3.9.6.jar:/home/dario/.m2/repository/org/apache/maven/maven-resolver-provider/3.9.6/maven-resolver-provider-3.9.6.jar:/home/dario/.m2/repository/org/apache/maven/resolver/maven-resolver-connector-basic/1.9.18/maven-resolver-connector-basic-1.9.18.jar:/home/dario/.m2/repository/org/apache/maven/resolver/maven-resolver-transport-wagon/1.9.18/maven-resolver-transport-wagon-1.9.18.jar:/home/dario/.m2/repository/org/apache/maven/wagon/wagon-http/3.5.3/wagon-http-3.5.3.jar:/home/dario/.m2/repository/org/apache/maven/wagon/wagon-file/3.5.3/wagon-file-3.5.3.jar:/home/dario/.m2/repository/io/quarkus/quarkus-bootstrap-gradle-resolver/3.8.6/quarkus-bootstrap-gradle-resolver-3.8.6.jar:/home/dario/.m2/repository/io/quarkus/quarkus-junit5-properties/3.8.6/quarkus-junit5-properties-3.8.6.jar:/home/dario/.m2/repository/org/junit/jupiter/junit-jupiter/5.10.1/junit-jupiter-5.10.1.jar:/home/dario/.m2/repository/org/junit/jupiter/junit-jupiter-api/5.10.1/junit-jupiter-api-5.10.1.jar:/home/dario/.m2/repository/org/opentest4j/opentest4j/1.3.0/opentest4j-1.3.0.jar:/home/dario/.m2/repository/org/junit/platform/junit-platform-commons/1.10.1/junit-platform-commons-1.10.1.jar:/home/dario/.m2/repository/org/apiguardian/apiguardian-api/1.1.2/apiguardian-api-1.1.2.jar:/home/dario/.m2/repository/org/junit/jupiter/junit-jupiter-params/5.10.1/junit-jupiter-params-5.10.1.jar:/home/dario/.m2/repository/org/junit/jupiter/junit-jupiter-engine/5.10.1/junit-jupiter-engine-5.10.1.jar:/home/dario/.m2/repository/org/junit/platform/junit-platform-engine/1.10.1/junit-platform-engine-1.10.1.jar:/home/dario/.m2/repository/com/thoughtworks/xstream/xstream/1.4.20/xstream-1.4.20.jar:/home/dario/.m2/repository/io/github/x-stream/mxparser/1.2.2/mxparser-1.2.2.jar:/home/dario/.m2/repository/xmlpull/xmlpull/1.1.3.1/xmlpull-1.1.3.1.jar:/home/dario/.m2/repository/io/rest-assured/rest-assured/5.4.0/rest-assured-5.4.0.jar:/home/dario/.m2/repository/org/apache/groovy/groovy/4.0.18/groovy-4.0.18.jar:/home/dario/.m2/repository/org/apache/groovy/groovy-xml/4.0.16/groovy-xml-4.0.16.jar:/home/dario/.m2/repository/org/apache/httpcomponents/httpclient/4.5.14/httpclient-4.5.14.jar:/home/dario/.m2/repository/org/apache/httpcomponents/httpcore/4.4.16/httpcore-4.4.16.jar:/home/dario/.m2/repository/commons-codec/commons-codec/1.16.1/commons-codec-1.16.1.jar:/home/dario/.m2/repository/org/apache/httpcomponents/httpmime/4.5.14/httpmime-4.5.14.jar:/home/dario/.m2/repository/org/hamcrest/hamcrest/2.2/hamcrest-2.2.jar:/home/dario/.m2/repository/org/ccil/cowan/tagsoup/tagsoup/1.2.1/tagsoup-1.2.1.jar:/home/dario/.m2/repository/io/rest-assured/json-path/5.4.0/json-path-5.4.0.jar:/home/dario/.m2/repository/org/apache/groovy/groovy-json/4.0.16/groovy-json-4.0.16.jar:/home/dario/.m2/repository/io/rest-assured/rest-assured-common/5.4.0/rest-assured-common-5.4.0.jar:/home/dario/.m2/repository/io/rest-assured/xml-path/5.4.0/xml-path-5.4.0.jar:/home/dario/.m2/repository/io/quarkus/quarkus-resteasy-client/3.8.6/quarkus-resteasy-client-3.8.6.jar:/home/dario/.m2/repository/io/quarkus/quarkus-resteasy-common/3.8.6/quarkus-resteasy-common-3.8.6.jar:/home/dario/.m2/repository/org/jboss/resteasy/resteasy-core/6.2.7.Final/resteasy-core-6.2.7.Final.jar:/home/dario/.m2/repository/jakarta/xml/bind/jakarta.xml.bind-api/4.0.1/jakarta.xml.bind-api-4.0.1.jar:/home/dario/.m2/repository/org/reactivestreams/reactive-streams/1.0.4/reactive-streams-1.0.4.jar:/home/dario/.m2/repository/com/ibm/async/asyncutil/0.1.0/asyncutil-0.1.0.jar:/home/dario/.m2/repository/org/eclipse/angus/angus-activation/2.0.1/angus-activation-2.0.1.jar:/home/dario/.m2/repository/jakarta/activation/jakarta.activation-api/2.1.2/jakarta.activation-api-2.1.2.jar:/home/dario/.m2/repository/org/jboss/resteasy/microprofile/microprofile-config/2.1.5.Final/microprofile-config-2.1.5.Final.jar:/home/dario/.m2/repository/jakarta/servlet/jakarta.servlet-api/6.0.0/jakarta.servlet-api-6.0.0.jar:/home/dario/.m2/repository/io/quarkus/quarkus-apache-httpclient/3.8.6/quarkus-apache-httpclient-3.8.6.jar:/home/dario/.m2/repository/io/quarkus/quarkus-rest-client-config/3.8.6/quarkus-rest-client-config-3.8.6.jar:/home/dario/.m2/repository/org/eclipse/microprofile/rest/client/microprofile-rest-client-api/3.0.1/microprofile-rest-client-api-3.0.1.jar:/home/dario/.m2/repository/org/jboss/resteasy/microprofile/microprofile-rest-client/2.1.5.Final/microprofile-rest-client-2.1.5.Final.jar:/home/dario/.m2/repository/org/jboss/resteasy/microprofile/microprofile-rest-client-base/2.1.5.Final/microprofile-rest-client-base-2.1.5.Final.jar:/home/dario/.m2/repository/org/jboss/resteasy/resteasy-client/6.2.7.Final/resteasy-client-6.2.7.Final.jar:/home/dario/.m2/repository/org/jboss/resteasy/resteasy-client-api/6.2.7.Final/resteasy-client-api-6.2.7.Final.jar:/home/dario/.m2/repository/jakarta/interceptor/jakarta.interceptor-api/2.1.0/jakarta.interceptor-api-2.1.0.jar:/home/dario/.m2/repository/jakarta/ws/rs/jakarta.ws.rs-api/3.1.0/jakarta.ws.rs-api-3.1.0.jar:/home/dario/.m2/repository/org/apache/httpcomponents/httpasyncclient/4.1.5/httpasyncclient-4.1.5.jar:/home/dario/.m2/repository/org/apache/httpcomponents/httpcore-nio/4.4.16/httpcore-nio-4.4.16.jar:/home/dario/.m2/repository/org/jboss/logging/commons-logging-jboss-logging/1.0.0.Final/commons-logging-jboss-logging-1.0.0.Final.jar:/home/dario/.m2/repository/io/quarkus/quarkus-smallrye-fault-tolerance/3.8.6/quarkus-smallrye-fault-tolerance-3.8.6.jar:/home/dario/.m2/repository/io/quarkus/quarkus-mutiny/3.8.6/quarkus-mutiny-3.8.6.jar:/home/dario/.m2/repository/io/smallrye/reactive/mutiny/2.5.8/mutiny-2.5.8.jar:/home/dario/.m2/repository/io/smallrye/reactive/mutiny-smallrye-context-propagation/2.5.8/mutiny-smallrye-context-propagation-2.5.8.jar:/home/dario/.m2/repository/io/smallrye/smallrye-fault-tolerance/6.2.6/smallrye-fault-tolerance-6.2.6.jar:/home/dario/.m2/repository/org/eclipse/microprofile/fault-tolerance/microprofile-fault-tolerance-api/4.0.2/microprofile-fault-tolerance-api-4.0.2.jar:/home/dario/.m2/repository/io/smallrye/smallrye-fault-tolerance-api/6.2.6/smallrye-fault-tolerance-api-6.2.6.jar:/home/dario/.m2/repository/io/smallrye/smallrye-fault-tolerance-core/6.2.6/smallrye-fault-tolerance-core-6.2.6.jar:/home/dario/.m2/repository/io/smallrye/smallrye-fault-tolerance-autoconfig-core/6.2.6/smallrye-fault-tolerance-autoconfig-core-6.2.6.jar:/home/dario/.m2/repository/jakarta/enterprise/jakarta.enterprise.cdi-api/4.0.1/jakarta.enterprise.cdi-api-4.0.1.jar:/home/dario/.m2/repository/jakarta/enterprise/jakarta.enterprise.lang-model/4.0.1/jakarta.enterprise.lang-model-4.0.1.jar:/home/dario/.m2/repository/jakarta/el/jakarta.el-api/5.0.1/jakarta.el-api-5.0.1.jar:/home/dario/.m2/repository/jakarta/annotation/jakarta.annotation-api/2.1.1/jakarta.annotation-api-2.1.1.jar:/home/dario/.m2/repository/io/quarkus/quarkus-smallrye-context-propagation/3.8.6/quarkus-smallrye-context-propagation-3.8.6.jar:/home/dario/.m2/repository/io/smallrye/smallrye-context-propagation/2.1.2/smallrye-context-propagation-2.1.2.jar:/home/dario/.m2/repository/io/smallrye/smallrye-context-propagation-api/2.1.2/smallrye-context-propagation-api-2.1.2.jar:/home/dario/.m2/repository/io/smallrye/smallrye-context-propagation-storage/2.1.2/smallrye-context-propagation-storage-2.1.2.jar:/home/dario/.m2/repository/io/smallrye/smallrye-fault-tolerance-context-propagation/6.2.6/smallrye-fault-tolerance-context-propagation-6.2.6.jar:/home/dario/.m2/repository/io/smallrye/smallrye-fault-tolerance-mutiny/6.2.6/smallrye-fault-tolerance-mutiny-6.2.6.jar:/home/dario/.m2/repository/io/quarkus/quarkus-smallrye-health/3.8.6/quarkus-smallrye-health-3.8.6.jar:/home/dario/.m2/repository/io/smallrye/smallrye-health/4.1.0/smallrye-health-4.1.0.jar:/home/dario/.m2/repository/org/eclipse/microprofile/health/microprofile-health-api/4.0.1/microprofile-health-api-4.0.1.jar:/home/dario/.m2/repository/io/smallrye/smallrye-health-api/4.1.0/smallrye-health-api-4.1.0.jar:/home/dario/.m2/repository/io/smallrye/smallrye-health-provided-checks/4.1.0/smallrye-health-provided-checks-4.1.0.jar:/home/dario/.m2/repository/io/quarkus/quarkus-jsonp/3.8.6/quarkus-jsonp-3.8.6.jar:/home/dario/.m2/repository/io/quarkus/quarkus-smallrye-metrics/3.8.6/quarkus-smallrye-metrics-3.8.6.jar:/home/dario/.m2/repository/io/smallrye/smallrye-metrics/4.0.0/smallrye-metrics-4.0.0.jar:/home/dario/.m2/repository/org/eclipse/microprofile/metrics/microprofile-metrics-api/4.0.1/microprofile-metrics-api-4.0.1.jar:/home/dario/.m2/repository/io/quarkus/quarkus-container-image-docker/3.8.6/quarkus-container-image-docker-3.8.6.jar:/home/dario/.m2/repository/io/quarkus/quarkus-container-image/3.8.6/quarkus-container-image-3.8.6.jar:"/>
    <property name="sun.cpu.endian" value="little"/>
    <property name="vertx.disableWebsockets" value="true"/>
    <property name="user.home" value="/home/dario"/>
    <property name="user.language" value="es"/>
    <property name="jboss.log-version" value="false"/>
    <property name="mp.openapi.extensions.smallrye.defaultPrimitivesConsumes" value="text/plain"/>
    <property name="java.specification.vendor" value="Oracle Corporation"/>
    <property name="io.netty.allocator.maxOrder" value="3"/>
    <property name="java.version.date" value="2023-10-17"/>
    <property name="java.home" value="/home/dario/.sdkman/candidates/java/17.0.9-graalce"/>
    <property name="file.separator" value="/"/>
    <property name="basedir" value="/home/dario/Proyecto/libroTerminado/quarkus-inicio/rest-number"/>
    <property name="java.vm.compressedOopsMode" value="Zero based"/>
    <property name="jdk.internal.vm.ci.enabled" value="true"/>
    <property name="line.separator" value="&#10;"/>
    <property name="java.vm.specification.vendor" value="Oracle Corporation"/>
    <property name="java.specification.name" value="Java Platform API Specification"/>
    <property name="surefire.real.class.path" value="/home/dario/Proyecto/libroTerminado/quarkus-inicio/rest-number/target/surefire/surefirebooter4033155555375482092.jar"/>
    <property name="mp.openapi.extensions.smallrye.defaultStreamingConsumes" value="application/octet-stream"/>
    <property name="sun.management.compiler" value="HotSpot 64-Bit Tiered Compilers"/>
    <property name="mp.openapi.extensions.smallrye.defaultPrimitivesProduces" value="text/plain"/>
    <property name="java.runtime.version" value="17.0.9+9-jvmci-23.0-b22"/>
    <property name="user.name" value="dario"/>
    <property name="dev.resteasy.exception.mapper" value="false"/>
    <property name="path.separator" value=":"/>
    <property name="os.version" value="5.15.13-051513-generic"/>
    <property name="java.runtime.name" value="OpenJDK Runtime Environment"/>
    <property name="file.encoding" value="UTF-8"/>
    <property name="java.vm.name" value="OpenJDK 64-Bit Server VM"/>
    <property name="java.vendor.version" value="GraalVM CE 17.0.9+9.1"/>
    <property name="localRepository" value="/home/dario/.m2/repository"/>
    <property name="java.vendor.url.bug" value="https://github.com/oracle/graal/issues"/>
    <property name="java.io.tmpdir" value="/tmp"/>
    <property name="quarkus.log.file.path" value="target/quarkus.log"/>
    <property name="java.version" value="17.0.9"/>
    <property name="mp.openapi.extensions.smallrye.defaultStreamingProduces" value="application/octet-stream"/>
    <property name="java.util.concurrent.ForkJoinPool.common.threadFactory" value="io.quarkus.bootstrap.forkjoin.QuarkusForkJoinWorkerThreadFactory"/>
    <property name="user.dir" value="/home/dario/Proyecto/libroTerminado/quarkus-inicio/rest-number"/>
    <property name="os.arch" value="amd64"/>
    <property name="java.vm.specification.name" value="Java Virtual Machine Specification"/>
    <property name="vertx.disableDnsResolver" value="true"/>
    <property name="native.encoding" value="UTF-8"/>
    <property name="java.util.logging.manager" value="org.jboss.logmanager.LogManager"/>
    <property name="java.library.path" value="/usr/java/packages/lib:/usr/lib64:/lib64:/lib:/usr/lib"/>
    <property name="java.vm.info" value="mixed mode, sharing"/>
    <property name="java.vendor" value="GraalVM Community"/>
    <property name="vertx.disableTCCL" value="true"/>
    <property name="java.vm.version" value="17.0.9+9-jvmci-23.0-b22"/>
    <property name="sun.io.unicode.encoding" value="UnicodeLittle"/>
    <property name="io.netty.machineId" value="c0:e3:79:0d:7c:c2:14:6b"/>
    <property name="java.class.version" value="61.0"/>
    <property name="mp.openapi.extensions.smallrye.defaultConsumes" value="application/json"/>
  </properties>
  <testcase name="shouldPingSwaggerUI" classname="org.agoncal.fascicle.quarkus.number.NumberResourceTest" time="0.943">
    <system-out><![CDATA[&amp#27;[38;5;145m13:40:53&amp#27;[39m&amp#27;[38;5;188m &amp#27;[39m&amp#27;[38;5;137mWARN&amp#27;[39m&amp#27;[38;5;188m [&amp#27;[39m&amp#27;[38;5;69mi.q.c.build&amp#27;[39m&amp#27;[38;5;188m] &amp#27;[39m&amp#27;[38;5;151mThe 'quarkus.log.console.color' config property is deprecated and should not be used anymore&amp#27;[39m&amp#27;[38;5;203m&amp#27;[39m&amp#27;[38;5;227m
&amp#27;[39m&amp#27;[38;5;145m13:40:55&amp#27;[39m&amp#27;[38;5;188m &amp#27;[39m&amp#27;[38;5;107mINFO&amp#27;[39m&amp#27;[38;5;188m [&amp#27;[39m&amp#27;[38;5;69mo.a.f.q.n.NumberApplicationLifeCycle&amp#27;[39m&amp#27;[38;5;188m] &amp#27;[39m&amp#27;[38;5;151m _   _                 _               &amp#27;[39m&amp#27;[38;5;203m&amp#27;[39m&amp#27;[38;5;227m
&amp#27;[39m&amp#27;[38;5;145m13:40:55&amp#27;[39m&amp#27;[38;5;188m &amp#27;[39m&amp#27;[38;5;107mINFO&amp#27;[39m&amp#27;[38;5;188m [&amp#27;[39m&amp#27;[38;5;69mo.a.f.q.n.NumberApplicationLifeCycle&amp#27;[39m&amp#27;[38;5;188m] &amp#27;[39m&amp#27;[38;5;151m| \ | |               | |              &amp#27;[39m&amp#27;[38;5;203m&amp#27;[39m&amp#27;[38;5;227m
&amp#27;[39m&amp#27;[38;5;145m13:40:55&amp#27;[39m&amp#27;[38;5;188m &amp#27;[39m&amp#27;[38;5;107mINFO&amp#27;[39m&amp#27;[38;5;188m [&amp#27;[39m&amp#27;[38;5;69mo.a.f.q.n.NumberApplicationLifeCycle&amp#27;[39m&amp#27;[38;5;188m] &amp#27;[39m&amp#27;[38;5;151m|  \| |_   _ _ __ ___ | |__   ___ _ __&amp#27;[39m&amp#27;[38;5;203m&amp#27;[39m&amp#27;[38;5;227m
&amp#27;[39m&amp#27;[38;5;145m13:40:55&amp#27;[39m&amp#27;[38;5;188m &amp#27;[39m&amp#27;[38;5;107mINFO&amp#27;[39m&amp#27;[38;5;188m [&amp#27;[39m&amp#27;[38;5;69mo.a.f.q.n.NumberApplicationLifeCycle&amp#27;[39m&amp#27;[38;5;188m] &amp#27;[39m&amp#27;[38;5;151m| . ` | | | | '_ ` _ \| '_ \ / _ \ '__|&amp#27;[39m&amp#27;[38;5;203m&amp#27;[39m&amp#27;[38;5;227m
&amp#27;[39m&amp#27;[38;5;145m13:40:55&amp#27;[39m&amp#27;[38;5;188m &amp#27;[39m&amp#27;[38;5;107mINFO&amp#27;[39m&amp#27;[38;5;188m [&amp#27;[39m&amp#27;[38;5;69mo.a.f.q.n.NumberApplicationLifeCycle&amp#27;[39m&amp#27;[38;5;188m] &amp#27;[39m&amp#27;[38;5;151m| |\  | |_| | | | | | | |_) |  __/ |   &amp#27;[39m&amp#27;[38;5;203m&amp#27;[39m&amp#27;[38;5;227m
&amp#27;[39m&amp#27;[38;5;145m13:40:55&amp#27;[39m&amp#27;[38;5;188m &amp#27;[39m&amp#27;[38;5;107mINFO&amp#27;[39m&amp#27;[38;5;188m [&amp#27;[39m&amp#27;[38;5;69mo.a.f.q.n.NumberApplicationLifeCycle&amp#27;[39m&amp#27;[38;5;188m] &amp#27;[39m&amp#27;[38;5;151m\_| \_/\__,_|_| |_| |_|_.__/ \___|_|   &amp#27;[39m&amp#27;[38;5;203m&amp#27;[39m&amp#27;[38;5;227m
&amp#27;[39m&amp#27;[38;5;145m13:40:55&amp#27;[39m&amp#27;[38;5;188m &amp#27;[39m&amp#27;[38;5;107mINFO&amp#27;[39m&amp#27;[38;5;188m [&amp#27;[39m&amp#27;[38;5;69mo.a.f.q.n.NumberApplicationLifeCycle&amp#27;[39m&amp#27;[38;5;188m] &amp#27;[39m&amp#27;[38;5;151m                         Powered by Quarkus&amp#27;[39m&amp#27;[38;5;203m&amp#27;[39m&amp#27;[38;5;227m
&amp#27;[39m&amp#27;[38;5;145m13:40:55&amp#27;[39m&amp#27;[38;5;188m &amp#27;[39m&amp#27;[38;5;107mINFO&amp#27;[39m&amp#27;[38;5;188m [&amp#27;[39m&amp#27;[38;5;69mo.a.f.q.n.NumberApplicationLifeCycle&amp#27;[39m&amp#27;[38;5;188m] &amp#27;[39m&amp#27;[38;5;151mThe application Number is starting with profile test&amp#27;[39m&amp#27;[38;5;203m&amp#27;[39m&amp#27;[38;5;227m
&amp#27;[39m&amp#27;[38;5;145m13:40:55&amp#27;[39m&amp#27;[38;5;188m &amp#27;[39m&amp#27;[38;5;107mINFO&amp#27;[39m&amp#27;[38;5;188m [&amp#27;[39m&amp#27;[38;5;69mi.quarkus&amp#27;[39m&amp#27;[38;5;188m] &amp#27;[39m&amp#27;[38;5;151mrest-number 1.0-SNAPSHOT on JVM (powered by Quarkus 3.8.6) started in 2.239s. Listening on: http://localhost:8081&amp#27;[39m&amp#27;[38;5;203m&amp#27;[39m&amp#27;[38;5;227m
&amp#27;[39m&amp#27;[38;5;145m13:40:55&amp#27;[39m&amp#27;[38;5;188m &amp#27;[39m&amp#27;[38;5;107mINFO&amp#27;[39m&amp#27;[38;5;188m [&amp#27;[39m&amp#27;[38;5;69mi.quarkus&amp#27;[39m&amp#27;[38;5;188m] &amp#27;[39m&amp#27;[38;5;151mProfile test activated. &amp#27;[39m&amp#27;[38;5;203m&amp#27;[39m&amp#27;[38;5;227m
&amp#27;[39m&amp#27;[38;5;145m13:40:55&amp#27;[39m&amp#27;[38;5;188m &amp#27;[39m&amp#27;[38;5;107mINFO&amp#27;[39m&amp#27;[38;5;188m [&amp#27;[39m&amp#27;[38;5;69mi.quarkus&amp#27;[39m&amp#27;[38;5;188m] &amp#27;[39m&amp#27;[38;5;151mInstalled features: [cdi, resteasy, resteasy-client, resteasy-jsonb, smallrye-context-propagation, smallrye-fault-tolerance, smallrye-health, smallrye-metrics, smallrye-openapi, swagger-ui, vertx]&amp#27;[39m&amp#27;[38;5;203m&amp#27;[39m&amp#27;[38;5;227m
&amp#27;[39m]]></system-out>
  </testcase>
  <testcase name="shouldPingMetrics" classname="org.agoncal.fascicle.quarkus.number.NumberResourceTest" time="0.024"/>
  <testcase name="shouldPingReadiness" classname="org.agoncal.fascicle.quarkus.number.NumberResourceTest" time="0.032"/>
  <testcase name="shouldPingLiveness" classname="org.agoncal.fascicle.quarkus.number.NumberResourceTest" time="0.036"/>
  <testcase name="shouldPingOpenAPI" classname="org.agoncal.fascicle.quarkus.number.NumberResourceTest" time="0.179"/>
  <testcase name="shouldGenerateBookNumber" classname="org.agoncal.fascicle.quarkus.number.NumberResourceTest" time="0.29">
    <system-out><![CDATA[&amp#27;[38;5;145m13:40:56&amp#27;[39m&amp#27;[38;5;188m &amp#27;[39m&amp#27;[38;5;107mINFO&amp#27;[39m&amp#27;[38;5;188m [&amp#27;[39m&amp#27;[38;5;69mo.a.f.q.n.NumberResource&amp#27;[39m&amp#27;[38;5;188m] &amp#27;[39m&amp#27;[38;5;151mWaiting for 0 seconds&amp#27;[39m&amp#27;[38;5;203m&amp#27;[39m&amp#27;[38;5;227m
&amp#27;[39m&amp#27;[38;5;145m13:40:56&amp#27;[39m&amp#27;[38;5;188m &amp#27;[39m&amp#27;[38;5;107mINFO&amp#27;[39m&amp#27;[38;5;188m [&amp#27;[39m&amp#27;[38;5;69mo.a.f.q.n.NumberResource&amp#27;[39m&amp#27;[38;5;188m] &amp#27;[39m&amp#27;[38;5;151mGenerating book numbers&amp#27;[39m&amp#27;[38;5;203m&amp#27;[39m&amp#27;[38;5;227m
&amp#27;[39m]]></system-out>
  </testcase>
</testsuite>